Command line invocation:
    /Applications/Xcode.app/Contents/Developer/usr/bin/xcodebuild build -project "ChildCare AI.xcodeproj" -scheme "ChildCare AI" CODE_SIGNING_ALLOWED=NO

Build settings from command line:
    CODE_SIGNING_ALLOWED = NO

2026-03-10 22:10:11.411 xcodebuild[23495:415463] [MT] IDERunDestination: Supported platforms for the buildables in the current scheme is empty.
--- xcodebuild: WARNING: Using the first of multiple matching destinations:
{ platform:macOS, arch:arm64, variant:Designed for [iPad,iPhone], id:00008112-000E64543EA3401E, name:My Mac }
{ platform:iOS, id:dvtdevice-DVTiPhonePlaceholder-iphoneos:placeholder, name:Any iOS Device }
{ platform:iOS Simulator, id:dvtdevice-DVTiOSDeviceSimulatorPlaceholder-iphonesimulator:placeholder, name:Any iOS Simulator Device }
{ platform:iOS Simulator, arch:arm64, id:6FC67906-F4AB-4744-A4EE-8B559D46B19F, OS:26.2, name:iPad (A16) }
{ platform:iOS Simulator, arch:arm64, id:B1C63C8E-D1B8-4C29-8977-B88977ED5F4A, OS:26.2, name:iPad Air 11-inch (M3) }
{ platform:iOS Simulator, arch:arm64, id:4C9B5E57-9916-4EAD-B9F5-E372F1151B59, OS:26.2, name:iPad Air 13-inch (M3) }
{ platform:iOS Simulator, arch:arm64, id:C42E0595-D52B-48DA-B35F-BE6ECC738441, OS:26.2, name:iPad Pro 11-inch (M5) }
{ platform:iOS Simulator, arch:arm64, id:8D016A6B-64D1-437C-A7F9-EBEDDE6C8951, OS:26.2, name:iPad Pro 13-inch (M5) }
{ platform:iOS Simulator, arch:arm64, id:A0898FBE-C5AC-4033-BB6E-8C61EEF5303A, OS:26.2, name:iPad mini (A17 Pro) }
{ platform:iOS Simulator, arch:arm64, id:3C908782-BFDD-4C83-9058-E9057A8BD2BA, OS:26.2, name:iPhone 16e }
{ platform:iOS Simulator, arch:arm64, id:7E8824E3-2F30-4B15-AF60-B5A281ADC881, OS:26.2, name:iPhone 17 }
{ platform:iOS Simulator, arch:arm64, id:20748E9D-9CCA-4C7F-A5A6-D9C22F49EA3F, OS:26.2, name:iPhone 17 Pro }
{ platform:iOS Simulator, arch:arm64, id:A3B5E7D1-DF7B-4295-93EC-2122B2DBD44F, OS:26.2, name:iPhone 17 Pro Max }
{ platform:iOS Simulator, arch:arm64, id:F5405CBC-D4D1-4AAA-B00B-93A3A753CC45, OS:26.2, name:iPhone Air }
ComputePackagePrebuildTargetDependencyGraph

Prepare packages

CreateBuildRequest

SendProjectDescription

CreateBuildOperation

ComputeTargetDependencyGraph
note: Building targets in dependency order
note: Target dependency graph (1 target)
    Target 'ChildCare AI' in project 'ChildCare AI' (no dependencies)

GatherProvisioningInputs

CreateBuildDescription

ExecuteExternalTool /Applications/Xcode.app/Contents/Developer/Toolchains/XcodeDefault.xctoolchain/usr/bin/clang -v -E -dM -isysroot /Applications/Xcode.app/Contents/Developer/Platforms/iPhoneOS.platform/Developer/SDKs/iPhoneOS26.2.sdk -x c -c /dev/null

ExecuteExternalTool /Applications/Xcode.app/Contents/Developer/usr/bin/actool --print-asset-tag-combinations --output-format xml1 /Users/admin/Desktop/ChildCare AI/ChildCare AI/ChildCare AI/Assets.xcassets

ExecuteExternalTool /Applications/Xcode.app/Contents/Developer/usr/bin/actool --version --output-format xml1

ExecuteExternalTool /Applications/Xcode.app/Contents/Developer/Toolchains/XcodeDefault.xctoolchain/usr/bin/swiftc --version

ExecuteExternalTool /Applications/Xcode.app/Contents/Developer/Toolchains/XcodeDefault.xctoolchain/usr/bin/ld -version_details

Build description signature: 5ef180356455a4ec2c7d0f280612d780
Build description path: /Users/admin/Library/Developer/Xcode/DerivedData/ChildCare_AI-eewellgfnbdxpucqlhsdfibdhwoc/Build/Intermediates.noindex/XCBuildData/5ef180356455a4ec2c7d0f280612d780.xcbuilddata
ClangStatCache /Applications/Xcode.app/Contents/Developer/Toolchains/XcodeDefault.xctoolchain/usr/bin/clang-stat-cache /Applications/Xcode.app/Contents/Developer/Platforms/iPhoneOS.platform/Developer/SDKs/iPhoneOS26.2.sdk /Users/admin/Library/Developer/Xcode/DerivedData/SDKStatCaches.noindex/iphoneos26.2-23C53-3794476bd08197c3e2abd9bb477ef7f7.sdkstatcache
    cd /Users/admin/Desktop/ChildCare\ AI/ChildCare\ AI/ChildCare\ AI.xcodeproj
    /Applications/Xcode.app/Contents/Developer/Toolchains/XcodeDefault.xctoolchain/usr/bin/clang-stat-cache /Applications/Xcode.app/Contents/Developer/Platforms/iPhoneOS.platform/Developer/SDKs/iPhoneOS26.2.sdk -o /Users/admin/Library/Developer/Xcode/DerivedData/SDKStatCaches.noindex/iphoneos26.2-23C53-3794476bd08197c3e2abd9bb477ef7f7.sdkstatcache

ProcessInfoPlistFile /Users/admin/Library/Developer/Xcode/DerivedData/ChildCare_AI-eewellgfnbdxpucqlhsdfibdhwoc/Build/Products/Debug-iphoneos/ChildCare\ AI.app/Info.plist /Users/admin/Library/Developer/Xcode/DerivedData/ChildCare_AI-eewellgfnbdxpucqlhsdfibdhwoc/Build/Intermediates.noindex/ChildCare\ AI.build/Debug-iphoneos/ChildCare\ AI.build/empty-ChildCare\ AI.plist (in target 'ChildCare AI' from project 'ChildCare AI')
    cd /Users/admin/Desktop/ChildCare\ AI/ChildCare\ AI
    builtin-infoPlistUtility /Users/admin/Library/Developer/Xcode/DerivedData/ChildCare_AI-eewellgfnbdxpucqlhsdfibdhwoc/Build/Intermediates.noindex/ChildCare\ AI.build/Debug-iphoneos/ChildCare\ AI.build/empty-ChildCare\ AI.plist -producttype com.apple.product-type.application -genpkginfo /Users/admin/Library/Developer/Xcode/DerivedData/ChildCare_AI-eewellgfnbdxpucqlhsdfibdhwoc/Build/Products/Debug-iphoneos/ChildCare\ AI.app/PkgInfo -expandbuildsettings -format binary -platform iphoneos -additionalcontentfile /Users/admin/Library/Developer/Xcode/DerivedData/ChildCare_AI-eewellgfnbdxpucqlhsdfibdhwoc/Build/Intermediates.noindex/ChildCare\ AI.build/Debug-iphoneos/ChildCare\ AI.build/assetcatalog_generated_info.plist -requiredArchitecture arm64 -o /Users/admin/Library/Developer/Xcode/DerivedData/ChildCare_AI-eewellgfnbdxpucqlhsdfibdhwoc/Build/Products/Debug-iphoneos/ChildCare\ AI.app/Info.plist

SwiftDriver ChildCare\ AI normal arm64 com.apple.xcode.tools.swift.compiler (in target 'ChildCare AI' from project 'ChildCare AI')
    cd /Users/admin/Desktop/ChildCare\ AI/ChildCare\ AI
    builtin-SwiftDriver -- /Applications/Xcode.app/Contents/Developer/Toolchains/XcodeDefault.xctoolchain/usr/bin/swiftc -module-name ChildCare_AI -Onone -enforce-exclusivity\=checked @/Users/admin/Library/Developer/Xcode/DerivedData/ChildCare_AI-eewellgfnbdxpucqlhsdfibdhwoc/Build/Intermediates.noindex/ChildCare\ AI.build/Debug-iphoneos/ChildCare\ AI.build/Objects-normal/arm64/ChildCare\ AI.SwiftFileList -DDEBUG -default-isolation\=MainActor -enable-bare-slash-regex -enable-upcoming-feature DisableOutwardActorInference -enable-upcoming-feature InferSendableFromCaptures -enable-upcoming-feature GlobalActorIsolatedTypesUsability -enable-upcoming-feature MemberImportVisibility -enable-upcoming-feature InferIsolatedConformances -enable-upcoming-feature NonisolatedNonsendingByDefault -enable-experimental-feature DebugDescriptionMacro -sdk /Applications/Xcode.app/Contents/Developer/Platforms/iPhoneOS.platform/Developer/SDKs/iPhoneOS26.2.sdk -target arm64-apple-ios26.2 -g -module-cache-path /Users/admin/Library/Developer/Xcode/DerivedData/ModuleCache.noindex -Xfrontend -serialize-debugging-options -profile-coverage-mapping -profile-generate -enable-testing -index-store-path /Users/admin/Library/Developer/Xcode/DerivedData/ChildCare_AI-eewellgfnbdxpucqlhsdfibdhwoc/Index.noindex/DataStore -Xcc -D_LIBCPP_HARDENING_MODE\=_LIBCPP_HARDENING_MODE_DEBUG -swift-version 5 -I /Users/admin/Library/Developer/Xcode/DerivedData/ChildCare_AI-eewellgfnbdxpucqlhsdfibdhwoc/Build/Products/Debug-iphoneos -F /Users/admin/Library/Developer/Xcode/DerivedData/ChildCare_AI-eewellgfnbdxpucqlhsdfibdhwoc/Build/Products/Debug-iphoneos -emit-localized-strings -emit-localized-strings-path /Users/admin/Library/Developer/Xcode/DerivedData/ChildCare_AI-eewellgfnbdxpucqlhsdfibdhwoc/Build/Intermediates.noindex/ChildCare\ AI.build/Debug-iphoneos/ChildCare\ AI.build/Objects-normal/arm64 -c -j8 -enable-batch-mode -incremental -Xcc -ivfsstatcache -Xcc /Users/admin/Library/Developer/Xcode/DerivedData/SDKStatCaches.noindex/iphoneos26.2-23C53-3794476bd08197c3e2abd9bb477ef7f7.sdkstatcache -output-file-map /Users/admin/Library/Developer/Xcode/DerivedData/ChildCare_AI-eewellgfnbdxpucqlhsdfibdhwoc/Build/Intermediates.noindex/ChildCare\ AI.build/Debug-iphoneos/ChildCare\ AI.build/Objects-normal/arm64/ChildCare\ AI-OutputFileMap.json -use-frontend-parseable-output -save-temps -no-color-diagnostics -explicit-module-build -module-cache-path /Users/admin/Library/Developer/Xcode/DerivedData/ChildCare_AI-eewellgfnbdxpucqlhsdfibdhwoc/Build/Intermediates.noindex/SwiftExplicitPrecompiledModules -clang-scanner-module-cache-path /Users/admin/Library/Developer/Xcode/DerivedData/ModuleCache.noindex -sdk-module-cache-path /Users/admin/Library/Developer/Xcode/DerivedData/ModuleCache.noindex -serialize-diagnostics -emit-dependencies -emit-module -emit-module-path /Users/admin/Library/Developer/Xcode/DerivedData/ChildCare_AI-eewellgfnbdxpucqlhsdfibdhwoc/Build/Intermediates.noindex/ChildCare\ AI.build/Debug-iphoneos/ChildCare\ AI.build/Objects-normal/arm64/ChildCare_AI.swiftmodule -validate-clang-modules-once -clang-build-session-file /Users/admin/Library/Developer/Xcode/DerivedData/ModuleCache.noindex/Session.modulevalidation -Xcc -I/Users/admin/Library/Developer/Xcode/DerivedData/ChildCare_AI-eewellgfnbdxpucqlhsdfibdhwoc/Build/Intermediates.noindex/ChildCare\ AI.build/Debug-iphoneos/ChildCare\ AI.build/swift-overrides.hmap -emit-const-values -Xfrontend -const-gather-protocols-file -Xfrontend /Users/admin/Library/Developer/Xcode/DerivedData/ChildCare_AI-eewellgfnbdxpucqlhsdfibdhwoc/Build/Intermediates.noindex/ChildCare\ AI.build/Debug-iphoneos/ChildCare\ AI.build/Objects-normal/arm64/ChildCare\ AI_const_extract_protocols.json -Xcc -iquote -Xcc /Users/admin/Library/Developer/Xcode/DerivedData/ChildCare_AI-eewellgfnbdxpucqlhsdfibdhwoc/Build/Intermediates.noindex/ChildCare\ AI.build/Debug-iphoneos/ChildCare\ AI.build/ChildCare\ AI-generated-files.hmap -Xcc -I/Users/admin/Library/Developer/Xcode/DerivedData/ChildCare_AI-eewellgfnbdxpucqlhsdfibdhwoc/Build/Intermediates.noindex/ChildCare\ AI.build/Debug-iphoneos/ChildCare\ AI.build/ChildCare\ AI-own-target-headers.hmap -Xcc -I/Users/admin/Library/Developer/Xcode/DerivedData/ChildCare_AI-eewellgfnbdxpucqlhsdfibdhwoc/Build/Intermediates.noindex/ChildCare\ AI.build/Debug-iphoneos/ChildCare\ AI.build/ChildCare\ AI-all-target-headers.hmap -Xcc -iquote -Xcc /Users/admin/Library/Developer/Xcode/DerivedData/ChildCare_AI-eewellgfnbdxpucqlhsdfibdhwoc/Build/Intermediates.noindex/ChildCare\ AI.build/Debug-iphoneos/ChildCare\ AI.build/ChildCare\ AI-project-headers.hmap -Xcc -I/Users/admin/Library/Developer/Xcode/DerivedData/ChildCare_AI-eewellgfnbdxpucqlhsdfibdhwoc/Build/Products/Debug-iphoneos/include -Xcc -I/Users/admin/Library/Developer/Xcode/DerivedData/ChildCare_AI-eewellgfnbdxpucqlhsdfibdhwoc/Build/Intermediates.noindex/ChildCare\ AI.build/Debug-iphoneos/ChildCare\ AI.build/DerivedSources-normal/arm64 -Xcc -I/Users/admin/Library/Developer/Xcode/DerivedData/ChildCare_AI-eewellgfnbdxpucqlhsdfibdhwoc/Build/Intermediates.noindex/ChildCare\ AI.build/Debug-iphoneos/ChildCare\ AI.build/DerivedSources/arm64 -Xcc -I/Users/admin/Library/Developer/Xcode/DerivedData/ChildCare_AI-eewellgfnbdxpucqlhsdfibdhwoc/Build/Intermediates.noindex/ChildCare\ AI.build/Debug-iphoneos/ChildCare\ AI.build/DerivedSources -Xcc -DDEBUG\=1 -emit-objc-header -emit-objc-header-path /Users/admin/Library/Developer/Xcode/DerivedData/ChildCare_AI-eewellgfnbdxpucqlhsdfibdhwoc/Build/Intermediates.noindex/ChildCare\ AI.build/Debug-iphoneos/ChildCare\ AI.build/Objects-normal/arm64/ChildCare_AI-Swift.h -working-directory /Users/admin/Desktop/ChildCare\ AI/ChildCare\ AI -experimental-emit-module-separately -disable-cmo

SwiftCompile normal arm64 Compiling\ ChildProfileView.swift,\ ChildrenTabView.swift,\ DailyReportDetails.swift /Users/admin/Desktop/ChildCare\ AI/ChildCare\ AI/ChildCare\ AI/Features/Children/ChildProfileView.swift /Users/admin/Desktop/ChildCare\ AI/ChildCare\ AI/ChildCare\ AI/Features/Children/ChildrenTabView.swift /Users/admin/Desktop/ChildCare\ AI/ChildCare\ AI/ChildCare\ AI/Features/Children/DailyReportDetails.swift (in target 'ChildCare AI' from project 'ChildCare AI')

SwiftCompile normal arm64 /Users/admin/Desktop/ChildCare\ AI/ChildCare\ AI/ChildCare\ AI/Features/Children/ChildProfileView.swift (in target 'ChildCare AI' from project 'ChildCare AI')
    cd /Users/admin/Desktop/ChildCare\ AI/ChildCare\ AI
    

SwiftCompile normal arm64 /Users/admin/Desktop/ChildCare\ AI/ChildCare\ AI/ChildCare\ AI/Features/Children/ChildrenTabView.swift (in target 'ChildCare AI' from project 'ChildCare AI')
    cd /Users/admin/Desktop/ChildCare\ AI/ChildCare\ AI
    

SwiftCompile normal arm64 /Users/admin/Desktop/ChildCare\ AI/ChildCare\ AI/ChildCare\ AI/Features/Children/DailyReportDetails.swift (in target 'ChildCare AI' from project 'ChildCare AI')
    cd /Users/admin/Desktop/ChildCare\ AI/ChildCare\ AI
    

SwiftCompile normal arm64 Compiling\ BabysitterHomeView.swift,\ CenterProfileView.swift,\ CheckInOutView.swift /Users/admin/Desktop/ChildCare\ AI/ChildCare\ AI/ChildCare\ AI/Features/Provider/BabysitterHomeView.swift /Users/admin/Desktop/ChildCare\ AI/ChildCare\ AI/ChildCare\ AI/Features/Provider/CenterProfileView.swift /Users/admin/Desktop/ChildCare\ AI/ChildCare\ AI/ChildCare\ AI/Features/Provider/CheckInOutView.swift (in target 'ChildCare AI' from project 'ChildCare AI')
SwiftCompile normal arm64 /Users/admin/Desktop/ChildCare\ AI/ChildCare\ AI/ChildCare\ AI/Features/Provider/BabysitterHomeView.swift (in target 'ChildCare AI' from project 'ChildCare AI')
    cd /Users/admin/Desktop/ChildCare\ AI/ChildCare\ AI
    

SwiftCompile normal arm64 /Users/admin/Desktop/ChildCare\ AI/ChildCare\ AI/ChildCare\ AI/Features/Provider/CenterProfileView.swift (in target 'ChildCare AI' from project 'ChildCare AI')
    cd /Users/admin/Desktop/ChildCare\ AI/ChildCare\ AI
    

SwiftCompile normal arm64 /Users/admin/Desktop/ChildCare\ AI/ChildCare\ AI/ChildCare\ AI/Features/Provider/CheckInOutView.swift (in target 'ChildCare AI' from project 'ChildCare AI')
    cd /Users/admin/Desktop/ChildCare\ AI/ChildCare\ AI
    

SwiftCompile normal arm64 Compiling\ CreateDailyReportView.swift,\ DailyNotesView.swift,\ DailyTimelineView.swift /Users/admin/Desktop/ChildCare\ AI/ChildCare\ AI/ChildCare\ AI/Features/Provider/CreateDailyReportView.swift /Users/admin/Desktop/ChildCare\ AI/ChildCare\ AI/ChildCare\ AI/Features/Provider/DailyNotesView.swift /Users/admin/Desktop/ChildCare\ AI/ChildCare\ AI/ChildCare\ AI/Features/Provider/DailyTimelineView.swift (in target 'ChildCare AI' from project 'ChildCare AI')
SwiftCompile normal arm64 /Users/admin/Desktop/ChildCare\ AI/ChildCare\ AI/ChildCare\ AI/Features/Provider/CreateDailyReportView.swift (in target 'ChildCare AI' from project 'ChildCare AI')
    cd /Users/admin/Desktop/ChildCare\ AI/ChildCare\ AI
    

SwiftCompile normal arm64 /Users/admin/Desktop/ChildCare\ AI/ChildCare\ AI/ChildCare\ AI/Features/Provider/DailyNotesView.swift (in target 'ChildCare AI' from project 'ChildCare AI')
    cd /Users/admin/Desktop/ChildCare\ AI/ChildCare\ AI
    

SwiftCompile normal arm64 /Users/admin/Desktop/ChildCare\ AI/ChildCare\ AI/ChildCare\ AI/Features/Provider/DailyTimelineView.swift (in target 'ChildCare AI' from project 'ChildCare AI')
    cd /Users/admin/Desktop/ChildCare\ AI/ChildCare\ AI
    

SwiftCompile normal arm64 Compiling\ DailyReportOverviewView.swift,\ AIRecommendationFlow.swift,\ SearchProvidersView.swift /Users/admin/Desktop/ChildCare\ AI/ChildCare\ AI/ChildCare\ AI/Features/Children/DailyReportOverviewView.swift /Users/admin/Desktop/ChildCare\ AI/ChildCare\ AI/ChildCare\ AI/Features/Parent/AIRecommendationFlow.swift /Users/admin/Desktop/ChildCare\ AI/ChildCare\ AI/ChildCare\ AI/Features/Parent/SearchProvidersView.swift (in target 'ChildCare AI' from project 'ChildCare AI')

SwiftCompile normal arm64 /Users/admin/Desktop/ChildCare\ AI/ChildCare\ AI/ChildCare\ AI/Features/Children/DailyReportOverviewView.swift (in target 'ChildCare AI' from project 'ChildCare AI')
    cd /Users/admin/Desktop/ChildCare\ AI/ChildCare\ AI
    

SwiftCompile normal arm64 /Users/admin/Desktop/ChildCare\ AI/ChildCare\ AI/ChildCare\ AI/Features/Parent/AIRecommendationFlow.swift (in target 'ChildCare AI' from project 'ChildCare AI')
    cd /Users/admin/Desktop/ChildCare\ AI/ChildCare\ AI
    

SwiftCompile normal arm64 /Users/admin/Desktop/ChildCare\ AI/ChildCare\ AI/ChildCare\ AI/Features/Parent/SearchProvidersView.swift (in target 'ChildCare AI' from project 'ChildCare AI')
    cd /Users/admin/Desktop/ChildCare\ AI/ChildCare\ AI
    

SwiftEmitModule normal arm64 Emitting\ module\ for\ ChildCare_AI (in target 'ChildCare AI' from project 'ChildCare AI')

EmitSwiftModule normal arm64 (in target 'ChildCare AI' from project 'ChildCare AI')
    cd /Users/admin/Desktop/ChildCare\ AI/ChildCare\ AI
    

SwiftCompile normal arm64 Compiling\ GamesAndPlayView.swift,\ IncidentLogView.swift /Users/admin/Desktop/ChildCare\ AI/ChildCare\ AI/ChildCare\ AI/Features/Provider/GamesAndPlayView.swift /Users/admin/Desktop/ChildCare\ AI/ChildCare\ AI/ChildCare\ AI/Features/Provider/IncidentLogView.swift (in target 'ChildCare AI' from project 'ChildCare AI')

SwiftCompile normal arm64 /Users/admin/Desktop/ChildCare\ AI/ChildCare\ AI/ChildCare\ AI/Features/Provider/GamesAndPlayView.swift (in target 'ChildCare AI' from project 'ChildCare AI')
    cd /Users/admin/Desktop/ChildCare\ AI/ChildCare\ AI
    

SwiftCompile normal arm64 /Users/admin/Desktop/ChildCare\ AI/ChildCare\ AI/ChildCare\ AI/Features/Provider/IncidentLogView.swift (in target 'ChildCare AI' from project 'ChildCare AI')
    cd /Users/admin/Desktop/ChildCare\ AI/ChildCare\ AI
    

SwiftCompile normal arm64 Compiling\ RoleSelectionView.swift,\ SplashView.swift,\ AddChildProfileView.swift /Users/admin/Desktop/ChildCare\ AI/ChildCare\ AI/ChildCare\ AI/Features/Auth/RoleSelectionView.swift /Users/admin/Desktop/ChildCare\ AI/ChildCare\ AI/ChildCare\ AI/Features/Auth/SplashView.swift /Users/admin/Desktop/ChildCare\ AI/ChildCare\ AI/ChildCare\ AI/Features/Children/AddChildProfileView.swift (in target 'ChildCare AI' from project 'ChildCare AI')

SwiftCompile normal arm64 /Users/admin/Desktop/ChildCare\ AI/ChildCare\ AI/ChildCare\ AI/Features/Auth/RoleSelectionView.swift (in target 'ChildCare AI' from project 'ChildCare AI')
    cd /Users/admin/Desktop/ChildCare\ AI/ChildCare\ AI
    

SwiftCompile normal arm64 /Users/admin/Desktop/ChildCare\ AI/ChildCare\ AI/ChildCare\ AI/Features/Auth/SplashView.swift (in target 'ChildCare AI' from project 'ChildCare AI')
    cd /Users/admin/Desktop/ChildCare\ AI/ChildCare\ AI
    

SwiftCompile normal arm64 /Users/admin/Desktop/ChildCare\ AI/ChildCare\ AI/ChildCare\ AI/Features/Children/AddChildProfileView.swift (in target 'ChildCare AI' from project 'ChildCare AI')
    cd /Users/admin/Desktop/ChildCare\ AI/ChildCare\ AI
    

SwiftCompile normal arm64 Compiling\ MissingScreens.swift,\ MoodTrackerRedesign.swift /Users/admin/Desktop/ChildCare\ AI/ChildCare\ AI/ChildCare\ AI/Features/Provider/MissingScreens.swift /Users/admin/Desktop/ChildCare\ AI/ChildCare\ AI/ChildCare\ AI/Features/Provider/MoodTrackerRedesign.swift (in target 'ChildCare AI' from project 'ChildCare AI')

SwiftCompile normal arm64 /Users/admin/Desktop/ChildCare\ AI/ChildCare\ AI/ChildCare\ AI/Features/Provider/MissingScreens.swift (in target 'ChildCare AI' from project 'ChildCare AI')
    cd /Users/admin/Desktop/ChildCare\ AI/ChildCare\ AI
    

SwiftCompile normal arm64 /Users/admin/Desktop/ChildCare\ AI/ChildCare\ AI/ChildCare\ AI/Features/Provider/MoodTrackerRedesign.swift (in target 'ChildCare AI' from project 'ChildCare AI')
    cd /Users/admin/Desktop/ChildCare\ AI/ChildCare\ AI
    

SwiftCompile normal arm64 Compiling\ NapScheduleView.swift,\ ProviderChildrenOverview.swift /Users/admin/Desktop/ChildCare\ AI/ChildCare\ AI/ChildCare\ AI/Features/Provider/NapScheduleView.swift /Users/admin/Desktop/ChildCare\ AI/ChildCare\ AI/ChildCare\ AI/Features/Provider/ProviderChildrenOverview.swift (in target 'ChildCare AI' from project 'ChildCare AI')

SwiftCompile normal arm64 /Users/admin/Desktop/ChildCare\ AI/ChildCare\ AI/ChildCare\ AI/Features/Provider/NapScheduleView.swift (in target 'ChildCare AI' from project 'ChildCare AI')
    cd /Users/admin/Desktop/ChildCare\ AI/ChildCare\ AI
    

SwiftCompile normal arm64 /Users/admin/Desktop/ChildCare\ AI/ChildCare\ AI/ChildCare\ AI/Features/Provider/ProviderChildrenOverview.swift (in target 'ChildCare AI' from project 'ChildCare AI')
    cd /Users/admin/Desktop/ChildCare\ AI/ChildCare\ AI
    

SwiftDriverJobDiscovery normal arm64 Emitting module for ChildCare_AI (in target 'ChildCare AI' from project 'ChildCare AI')

SwiftDriver\ Compilation\ Requirements ChildCare\ AI normal arm64 com.apple.xcode.tools.swift.compiler (in target 'ChildCare AI' from project 'ChildCare AI')
    cd /Users/admin/Desktop/ChildCare\ AI/ChildCare\ AI
    builtin-Swift-Compilation-Requirements -- /Applications/Xcode.app/Contents/Developer/Toolchains/XcodeDefault.xctoolchain/usr/bin/swiftc -module-name ChildCare_AI -Onone -enforce-exclusivity\=checked @/Users/admin/Library/Developer/Xcode/DerivedData/ChildCare_AI-eewellgfnbdxpucqlhsdfibdhwoc/Build/Intermediates.noindex/ChildCare\ AI.build/Debug-iphoneos/ChildCare\ AI.build/Objects-normal/arm64/ChildCare\ AI.SwiftFileList -DDEBUG -default-isolation\=MainActor -enable-bare-slash-regex -enable-upcoming-feature DisableOutwardActorInference -enable-upcoming-feature InferSendableFromCaptures -enable-upcoming-feature GlobalActorIsolatedTypesUsability -enable-upcoming-feature MemberImportVisibility -enable-upcoming-feature InferIsolatedConformances -enable-upcoming-feature NonisolatedNonsendingByDefault -enable-experimental-feature DebugDescriptionMacro -sdk /Applications/Xcode.app/Contents/Developer/Platforms/iPhoneOS.platform/Developer/SDKs/iPhoneOS26.2.sdk -target arm64-apple-ios26.2 -g -module-cache-path /Users/admin/Library/Developer/Xcode/DerivedData/ModuleCache.noindex -Xfrontend -serialize-debugging-options -profile-coverage-mapping -profile-generate -enable-testing -index-store-path /Users/admin/Library/Developer/Xcode/DerivedData/ChildCare_AI-eewellgfnbdxpucqlhsdfibdhwoc/Index.noindex/DataStore -Xcc -D_LIBCPP_HARDENING_MODE\=_LIBCPP_HARDENING_MODE_DEBUG -swift-version 5 -I /Users/admin/Library/Developer/Xcode/DerivedData/ChildCare_AI-eewellgfnbdxpucqlhsdfibdhwoc/Build/Products/Debug-iphoneos -F /Users/admin/Library/Developer/Xcode/DerivedData/ChildCare_AI-eewellgfnbdxpucqlhsdfibdhwoc/Build/Products/Debug-iphoneos -emit-localized-strings -emit-localized-strings-path /Users/admin/Library/Developer/Xcode/DerivedData/ChildCare_AI-eewellgfnbdxpucqlhsdfibdhwoc/Build/Intermediates.noindex/ChildCare\ AI.build/Debug-iphoneos/ChildCare\ AI.build/Objects-normal/arm64 -c -j8 -enable-batch-mode -incremental -Xcc -ivfsstatcache -Xcc /Users/admin/Library/Developer/Xcode/DerivedData/SDKStatCaches.noindex/iphoneos26.2-23C53-3794476bd08197c3e2abd9bb477ef7f7.sdkstatcache -output-file-map /Users/admin/Library/Developer/Xcode/DerivedData/ChildCare_AI-eewellgfnbdxpucqlhsdfibdhwoc/Build/Intermediates.noindex/ChildCare\ AI.build/Debug-iphoneos/ChildCare\ AI.build/Objects-normal/arm64/ChildCare\ AI-OutputFileMap.json -use-frontend-parseable-output -save-temps -no-color-diagnostics -explicit-module-build -module-cache-path /Users/admin/Library/Developer/Xcode/DerivedData/ChildCare_AI-eewellgfnbdxpucqlhsdfibdhwoc/Build/Intermediates.noindex/SwiftExplicitPrecompiledModules -clang-scanner-module-cache-path /Users/admin/Library/Developer/Xcode/DerivedData/ModuleCache.noindex -sdk-module-cache-path /Users/admin/Library/Developer/Xcode/DerivedData/ModuleCache.noindex -serialize-diagnostics -emit-dependencies -emit-module -emit-module-path /Users/admin/Library/Developer/Xcode/DerivedData/ChildCare_AI-eewellgfnbdxpucqlhsdfibdhwoc/Build/Intermediates.noindex/ChildCare\ AI.build/Debug-iphoneos/ChildCare\ AI.build/Objects-normal/arm64/ChildCare_AI.swiftmodule -validate-clang-modules-once -clang-build-session-file /Users/admin/Library/Developer/Xcode/DerivedData/ModuleCache.noindex/Session.modulevalidation -Xcc -I/Users/admin/Library/Developer/Xcode/DerivedData/ChildCare_AI-eewellgfnbdxpucqlhsdfibdhwoc/Build/Intermediates.noindex/ChildCare\ AI.build/Debug-iphoneos/ChildCare\ AI.build/swift-overrides.hmap -emit-const-values -Xfrontend -const-gather-protocols-file -Xfrontend /Users/admin/Library/Developer/Xcode/DerivedData/ChildCare_AI-eewellgfnbdxpucqlhsdfibdhwoc/Build/Intermediates.noindex/ChildCare\ AI.build/Debug-iphoneos/ChildCare\ AI.build/Objects-normal/arm64/ChildCare\ AI_const_extract_protocols.json -Xcc -iquote -Xcc /Users/admin/Library/Developer/Xcode/DerivedData/ChildCare_AI-eewellgfnbdxpucqlhsdfibdhwoc/Build/Intermediates.noindex/ChildCare\ AI.build/Debug-iphoneos/ChildCare\ AI.build/ChildCare\ AI-generated-files.hmap -Xcc -I/Users/admin/Library/Developer/Xcode/DerivedData/ChildCare_AI-eewellgfnbdxpucqlhsdfibdhwoc/Build/Intermediates.noindex/ChildCare\ AI.build/Debug-iphoneos/ChildCare\ AI.build/ChildCare\ AI-own-target-headers.hmap -Xcc -I/Users/admin/Library/Developer/Xcode/DerivedData/ChildCare_AI-eewellgfnbdxpucqlhsdfibdhwoc/Build/Intermediates.noindex/ChildCare\ AI.build/Debug-iphoneos/ChildCare\ AI.build/ChildCare\ AI-all-target-headers.hmap -Xcc -iquote -Xcc /Users/admin/Library/Developer/Xcode/DerivedData/ChildCare_AI-eewellgfnbdxpucqlhsdfibdhwoc/Build/Intermediates.noindex/ChildCare\ AI.build/Debug-iphoneos/ChildCare\ AI.build/ChildCare\ AI-project-headers.hmap -Xcc -I/Users/admin/Library/Developer/Xcode/DerivedData/ChildCare_AI-eewellgfnbdxpucqlhsdfibdhwoc/Build/Products/Debug-iphoneos/include -Xcc -I/Users/admin/Library/Developer/Xcode/DerivedData/ChildCare_AI-eewellgfnbdxpucqlhsdfibdhwoc/Build/Intermediates.noindex/ChildCare\ AI.build/Debug-iphoneos/ChildCare\ AI.build/DerivedSources-normal/arm64 -Xcc -I/Users/admin/Library/Developer/Xcode/DerivedData/ChildCare_AI-eewellgfnbdxpucqlhsdfibdhwoc/Build/Intermediates.noindex/ChildCare\ AI.build/Debug-iphoneos/ChildCare\ AI.build/DerivedSources/arm64 -Xcc -I/Users/admin/Library/Developer/Xcode/DerivedData/ChildCare_AI-eewellgfnbdxpucqlhsdfibdhwoc/Build/Intermediates.noindex/ChildCare\ AI.build/Debug-iphoneos/ChildCare\ AI.build/DerivedSources -Xcc -DDEBUG\=1 -emit-objc-header -emit-objc-header-path /Users/admin/Library/Developer/Xcode/DerivedData/ChildCare_AI-eewellgfnbdxpucqlhsdfibdhwoc/Build/Intermediates.noindex/ChildCare\ AI.build/Debug-iphoneos/ChildCare\ AI.build/Objects-normal/arm64/ChildCare_AI-Swift.h -working-directory /Users/admin/Desktop/ChildCare\ AI/ChildCare\ AI -experimental-emit-module-separately -disable-cmo

SwiftDriverJobDiscovery normal arm64 Compiling ChildProfileView.swift, ChildrenTabView.swift, DailyReportDetails.swift (in target 'ChildCare AI' from project 'ChildCare AI')

SwiftCompile normal arm64 Compiling\ ParentTabView.swift /Users/admin/Desktop/ChildCare\ AI/ChildCare\ AI/ChildCare\ AI/Features/Parent/ParentTabView.swift (in target 'ChildCare AI' from project 'ChildCare AI')

SwiftCompile normal arm64 /Users/admin/Desktop/ChildCare\ AI/ChildCare\ AI/ChildCare\ AI/Features/Parent/ParentTabView.swift (in target 'ChildCare AI' from project 'ChildCare AI')
    cd /Users/admin/Desktop/ChildCare\ AI/ChildCare\ AI
    

Copy /Users/admin/Library/Developer/Xcode/DerivedData/ChildCare_AI-eewellgfnbdxpucqlhsdfibdhwoc/Build/Products/Debug-iphoneos/ChildCare_AI.swiftmodule/arm64-apple-ios.swiftmodule /Users/admin/Library/Developer/Xcode/DerivedData/ChildCare_AI-eewellgfnbdxpucqlhsdfibdhwoc/Build/Intermediates.noindex/ChildCare\ AI.build/Debug-iphoneos/ChildCare\ AI.build/Objects-normal/arm64/ChildCare_AI.swiftmodule (in target 'ChildCare AI' from project 'ChildCare AI')
    cd /Users/admin/Desktop/ChildCare\ AI/ChildCare\ AI
    builtin-copy -exclude .DS_Store -exclude CVS -exclude .svn -exclude .git -exclude .hg -resolve-src-symlinks -rename /Users/admin/Library/Developer/Xcode/DerivedData/ChildCare_AI-eewellgfnbdxpucqlhsdfibdhwoc/Build/Intermediates.noindex/ChildCare\ AI.build/Debug-iphoneos/ChildCare\ AI.build/Objects-normal/arm64/ChildCare_AI.swiftmodule /Users/admin/Library/Developer/Xcode/DerivedData/ChildCare_AI-eewellgfnbdxpucqlhsdfibdhwoc/Build/Products/Debug-iphoneos/ChildCare_AI.swiftmodule/arm64-apple-ios.swiftmodule

SwiftDriverJobDiscovery normal arm64 Compiling ParentTabView.swift (in target 'ChildCare AI' from project 'ChildCare AI')

Copy /Users/admin/Library/Developer/Xcode/DerivedData/ChildCare_AI-eewellgfnbdxpucqlhsdfibdhwoc/Build/Products/Debug-iphoneos/ChildCare_AI.swiftmodule/arm64-apple-ios.abi.json /Users/admin/Library/Developer/Xcode/DerivedData/ChildCare_AI-eewellgfnbdxpucqlhsdfibdhwoc/Build/Intermediates.noindex/ChildCare\ AI.build/Debug-iphoneos/ChildCare\ AI.build/Objects-normal/arm64/ChildCare_AI.abi.json (in target 'ChildCare AI' from project 'ChildCare AI')
    cd /Users/admin/Desktop/ChildCare\ AI/ChildCare\ AI
    builtin-copy -exclude .DS_Store -exclude CVS -exclude .svn -exclude .git -exclude .hg -resolve-src-symlinks -rename /Users/admin/Library/Developer/Xcode/DerivedData/ChildCare_AI-eewellgfnbdxpucqlhsdfibdhwoc/Build/Intermediates.noindex/ChildCare\ AI.build/Debug-iphoneos/ChildCare\ AI.build/Objects-normal/arm64/ChildCare_AI.abi.json /Users/admin/Library/Developer/Xcode/DerivedData/ChildCare_AI-eewellgfnbdxpucqlhsdfibdhwoc/Build/Products/Debug-iphoneos/ChildCare_AI.swiftmodule/arm64-apple-ios.abi.json

Copy /Users/admin/Library/Developer/Xcode/DerivedData/ChildCare_AI-eewellgfnbdxpucqlhsdfibdhwoc/Build/Products/Debug-iphoneos/ChildCare_AI.swiftmodule/Project/arm64-apple-ios.swiftsourceinfo /Users/admin/Library/Developer/Xcode/DerivedData/ChildCare_AI-eewellgfnbdxpucqlhsdfibdhwoc/Build/Intermediates.noindex/ChildCare\ AI.build/Debug-iphoneos/ChildCare\ AI.build/Objects-normal/arm64/ChildCare_AI.swiftsourceinfo (in target 'ChildCare AI' from project 'ChildCare AI')
    cd /Users/admin/Desktop/ChildCare\ AI/ChildCare\ AI
    builtin-copy -exclude .DS_Store -exclude CVS -exclude .svn -exclude .git -exclude .hg -resolve-src-symlinks -rename /Users/admin/Library/Developer/Xcode/DerivedData/ChildCare_AI-eewellgfnbdxpucqlhsdfibdhwoc/Build/Intermediates.noindex/ChildCare\ AI.build/Debug-iphoneos/ChildCare\ AI.build/Objects-normal/arm64/ChildCare_AI.swiftsourceinfo /Users/admin/Library/Developer/Xcode/DerivedData/ChildCare_AI-eewellgfnbdxpucqlhsdfibdhwoc/Build/Products/Debug-iphoneos/ChildCare_AI.swiftmodule/Project/arm64-apple-ios.swiftsourceinfo

SwiftCompile normal arm64 Compiling\ ParentHomeView.swift /Users/admin/Desktop/ChildCare\ AI/ChildCare\ AI/ChildCare\ AI/Features/Parent/ParentHomeView.swift (in target 'ChildCare AI' from project 'ChildCare AI')

SwiftCompile normal arm64 /Users/admin/Desktop/ChildCare\ AI/ChildCare\ AI/ChildCare\ AI/Features/Parent/ParentHomeView.swift (in target 'ChildCare AI' from project 'ChildCare AI')
    cd /Users/admin/Desktop/ChildCare\ AI/ChildCare\ AI
    

SwiftDriverJobDiscovery normal arm64 Compiling RoleSelectionView.swift, SplashView.swift, AddChildProfileView.swift (in target 'ChildCare AI' from project 'ChildCare AI')

SwiftDriverJobDiscovery normal arm64 Compiling ParentHomeView.swift (in target 'ChildCare AI' from project 'ChildCare AI')

SwiftDriverJobDiscovery normal arm64 Compiling DailyReportOverviewView.swift, AIRecommendationFlow.swift, SearchProvidersView.swift (in target 'ChildCare AI' from project 'ChildCare AI')

SwiftDriverJobDiscovery normal arm64 Compiling BabysitterHomeView.swift, CenterProfileView.swift, CheckInOutView.swift (in target 'ChildCare AI' from project 'ChildCare AI')

SwiftCompile normal arm64 Compiling\ ProviderHomeView.swift /Users/admin/Desktop/ChildCare\ AI/ChildCare\ AI/ChildCare\ AI/Features/Provider/ProviderHomeView.swift (in target 'ChildCare AI' from project 'ChildCare AI')

SwiftCompile normal arm64 /Users/admin/Desktop/ChildCare\ AI/ChildCare\ AI/ChildCare\ AI/Features/Provider/ProviderHomeView.swift (in target 'ChildCare AI' from project 'ChildCare AI')
    cd /Users/admin/Desktop/ChildCare\ AI/ChildCare\ AI
    

SwiftCompile normal arm64 Compiling\ ProviderTabView.swift /Users/admin/Desktop/ChildCare\ AI/ChildCare\ AI/ChildCare\ AI/Features/Provider/ProviderTabView.swift (in target 'ChildCare AI' from project 'ChildCare AI')

SwiftCompile normal arm64 /Users/admin/Desktop/ChildCare\ AI/ChildCare\ AI/ChildCare\ AI/Features/Provider/ProviderTabView.swift (in target 'ChildCare AI' from project 'ChildCare AI')
    cd /Users/admin/Desktop/ChildCare\ AI/ChildCare\ AI
    

SwiftDriverJobDiscovery normal arm64 Compiling ProviderTabView.swift (in target 'ChildCare AI' from project 'ChildCare AI')

SwiftDriverJobDiscovery normal arm64 Compiling MissingScreens.swift, MoodTrackerRedesign.swift (in target 'ChildCare AI' from project 'ChildCare AI')

SwiftCompile normal arm64 Compiling\ ProfileView.swift /Users/admin/Desktop/ChildCare\ AI/ChildCare\ AI/ChildCare\ AI/Features/Settings/ProfileView.swift (in target 'ChildCare AI' from project 'ChildCare AI')

SwiftCompile normal arm64 /Users/admin/Desktop/ChildCare\ AI/ChildCare\ AI/ChildCare\ AI/Features/Settings/ProfileView.swift (in target 'ChildCare AI' from project 'ChildCare AI')
    cd /Users/admin/Desktop/ChildCare\ AI/ChildCare\ AI
    

SwiftDriverJobDiscovery normal arm64 Compiling ProviderHomeView.swift (in target 'ChildCare AI' from project 'ChildCare AI')

SwiftDriverJobDiscovery normal arm64 Compiling NapScheduleView.swift, ProviderChildrenOverview.swift (in target 'ChildCare AI' from project 'ChildCare AI')

SwiftDriverJobDiscovery normal arm64 Compiling ProfileView.swift (in target 'ChildCare AI' from project 'ChildCare AI')

SwiftDriverJobDiscovery normal arm64 Compiling GamesAndPlayView.swift, IncidentLogView.swift (in target 'ChildCare AI' from project 'ChildCare AI')

SwiftDriverJobDiscovery normal arm64 Compiling CreateDailyReportView.swift, DailyNotesView.swift, DailyTimelineView.swift (in target 'ChildCare AI' from project 'ChildCare AI')

SwiftDriver\ Compilation ChildCare\ AI normal arm64 com.apple.xcode.tools.swift.compiler (in target 'ChildCare AI' from project 'ChildCare AI')
    cd /Users/admin/Desktop/ChildCare\ AI/ChildCare\ AI
    builtin-Swift-Compilation -- /Applications/Xcode.app/Contents/Developer/Toolchains/XcodeDefault.xctoolchain/usr/bin/swiftc -module-name ChildCare_AI -Onone -enforce-exclusivity\=checked @/Users/admin/Library/Developer/Xcode/DerivedData/ChildCare_AI-eewellgfnbdxpucqlhsdfibdhwoc/Build/Intermediates.noindex/ChildCare\ AI.build/Debug-iphoneos/ChildCare\ AI.build/Objects-normal/arm64/ChildCare\ AI.SwiftFileList -DDEBUG -default-isolation\=MainActor -enable-bare-slash-regex -enable-upcoming-feature DisableOutwardActorInference -enable-upcoming-feature InferSendableFromCaptures -enable-upcoming-feature GlobalActorIsolatedTypesUsability -enable-upcoming-feature MemberImportVisibility -enable-upcoming-feature InferIsolatedConformances -enable-upcoming-feature NonisolatedNonsendingByDefault -enable-experimental-feature DebugDescriptionMacro -sdk /Applications/Xcode.app/Contents/Developer/Platforms/iPhoneOS.platform/Developer/SDKs/iPhoneOS26.2.sdk -target arm64-apple-ios26.2 -g -module-cache-path /Users/admin/Library/Developer/Xcode/DerivedData/ModuleCache.noindex -Xfrontend -serialize-debugging-options -profile-coverage-mapping -profile-generate -enable-testing -index-store-path /Users/admin/Library/Developer/Xcode/DerivedData/ChildCare_AI-eewellgfnbdxpucqlhsdfibdhwoc/Index.noindex/DataStore -Xcc -D_LIBCPP_HARDENING_MODE\=_LIBCPP_HARDENING_MODE_DEBUG -swift-version 5 -I /Users/admin/Library/Developer/Xcode/DerivedData/ChildCare_AI-eewellgfnbdxpucqlhsdfibdhwoc/Build/Products/Debug-iphoneos -F /Users/admin/Library/Developer/Xcode/DerivedData/ChildCare_AI-eewellgfnbdxpucqlhsdfibdhwoc/Build/Products/Debug-iphoneos -emit-localized-strings -emit-localized-strings-path /Users/admin/Library/Developer/Xcode/DerivedData/ChildCare_AI-eewellgfnbdxpucqlhsdfibdhwoc/Build/Intermediates.noindex/ChildCare\ AI.build/Debug-iphoneos/ChildCare\ AI.build/Objects-normal/arm64 -c -j8 -enable-batch-mode -incremental -Xcc -ivfsstatcache -Xcc /Users/admin/Library/Developer/Xcode/DerivedData/SDKStatCaches.noindex/iphoneos26.2-23C53-3794476bd08197c3e2abd9bb477ef7f7.sdkstatcache -output-file-map /Users/admin/Library/Developer/Xcode/DerivedData/ChildCare_AI-eewellgfnbdxpucqlhsdfibdhwoc/Build/Intermediates.noindex/ChildCare\ AI.build/Debug-iphoneos/ChildCare\ AI.build/Objects-normal/arm64/ChildCare\ AI-OutputFileMap.json -use-frontend-parseable-output -save-temps -no-color-diagnostics -explicit-module-build -module-cache-path /Users/admin/Library/Developer/Xcode/DerivedData/ChildCare_AI-eewellgfnbdxpucqlhsdfibdhwoc/Build/Intermediates.noindex/SwiftExplicitPrecompiledModules -clang-scanner-module-cache-path /Users/admin/Library/Developer/Xcode/DerivedData/ModuleCache.noindex -sdk-module-cache-path /Users/admin/Library/Developer/Xcode/DerivedData/ModuleCache.noindex -serialize-diagnostics -emit-dependencies -emit-module -emit-module-path /Users/admin/Library/Developer/Xcode/DerivedData/ChildCare_AI-eewellgfnbdxpucqlhsdfibdhwoc/Build/Intermediates.noindex/ChildCare\ AI.build/Debug-iphoneos/ChildCare\ AI.build/Objects-normal/arm64/ChildCare_AI.swiftmodule -validate-clang-modules-once -clang-build-session-file /Users/admin/Library/Developer/Xcode/DerivedData/ModuleCache.noindex/Session.modulevalidation -Xcc -I/Users/admin/Library/Developer/Xcode/DerivedData/ChildCare_AI-eewellgfnbdxpucqlhsdfibdhwoc/Build/Intermediates.noindex/ChildCare\ AI.build/Debug-iphoneos/ChildCare\ AI.build/swift-overrides.hmap -emit-const-values -Xfrontend -const-gather-protocols-file -Xfrontend /Users/admin/Library/Developer/Xcode/DerivedData/ChildCare_AI-eewellgfnbdxpucqlhsdfibdhwoc/Build/Intermediates.noindex/ChildCare\ AI.build/Debug-iphoneos/ChildCare\ AI.build/Objects-normal/arm64/ChildCare\ AI_const_extract_protocols.json -Xcc -iquote -Xcc /Users/admin/Library/Developer/Xcode/DerivedData/ChildCare_AI-eewellgfnbdxpucqlhsdfibdhwoc/Build/Intermediates.noindex/ChildCare\ AI.build/Debug-iphoneos/ChildCare\ AI.build/ChildCare\ AI-generated-files.hmap -Xcc -I/Users/admin/Library/Developer/Xcode/DerivedData/ChildCare_AI-eewellgfnbdxpucqlhsdfibdhwoc/Build/Intermediates.noindex/ChildCare\ AI.build/Debug-iphoneos/ChildCare\ AI.build/ChildCare\ AI-own-target-headers.hmap -Xcc -I/Users/admin/Library/Developer/Xcode/DerivedData/ChildCare_AI-eewellgfnbdxpucqlhsdfibdhwoc/Build/Intermediates.noindex/ChildCare\ AI.build/Debug-iphoneos/ChildCare\ AI.build/ChildCare\ AI-all-target-headers.hmap -Xcc -iquote -Xcc /Users/admin/Library/Developer/Xcode/DerivedData/ChildCare_AI-eewellgfnbdxpucqlhsdfibdhwoc/Build/Intermediates.noindex/ChildCare\ AI.build/Debug-iphoneos/ChildCare\ AI.build/ChildCare\ AI-project-headers.hmap -Xcc -I/Users/admin/Library/Developer/Xcode/DerivedData/ChildCare_AI-eewellgfnbdxpucqlhsdfibdhwoc/Build/Products/Debug-iphoneos/include -Xcc -I/Users/admin/Library/Developer/Xcode/DerivedData/ChildCare_AI-eewellgfnbdxpucqlhsdfibdhwoc/Build/Intermediates.noindex/ChildCare\ AI.build/Debug-iphoneos/ChildCare\ AI.build/DerivedSources-normal/arm64 -Xcc -I/Users/admin/Library/Developer/Xcode/DerivedData/ChildCare_AI-eewellgfnbdxpucqlhsdfibdhwoc/Build/Intermediates.noindex/ChildCare\ AI.build/Debug-iphoneos/ChildCare\ AI.build/DerivedSources/arm64 -Xcc -I/Users/admin/Library/Developer/Xcode/DerivedData/ChildCare_AI-eewellgfnbdxpucqlhsdfibdhwoc/Build/Intermediates.noindex/ChildCare\ AI.build/Debug-iphoneos/ChildCare\ AI.build/DerivedSources -Xcc -DDEBUG\=1 -emit-objc-header -emit-objc-header-path /Users/admin/Library/Developer/Xcode/DerivedData/ChildCare_AI-eewellgfnbdxpucqlhsdfibdhwoc/Build/Intermediates.noindex/ChildCare\ AI.build/Debug-iphoneos/ChildCare\ AI.build/Objects-normal/arm64/ChildCare_AI-Swift.h -working-directory /Users/admin/Desktop/ChildCare\ AI/ChildCare\ AI -experimental-emit-module-separately -disable-cmo

Ld /Users/admin/Library/Developer/Xcode/DerivedData/ChildCare_AI-eewellgfnbdxpucqlhsdfibdhwoc/Build/Products/Debug-iphoneos/ChildCare\ AI.app/ChildCare\ AI.debug.dylib normal (in target 'ChildCare AI' from project 'ChildCare AI')
    cd /Users/admin/Desktop/ChildCare\ AI/ChildCare\ AI
    /Applications/Xcode.app/Contents/Developer/Toolchains/XcodeDefault.xctoolchain/usr/bin/clang -Xlinker -reproducible -target arm64-apple-ios26.2 -dynamiclib -isysroot /Applications/Xcode.app/Contents/Developer/Platforms/iPhoneOS.platform/Developer/SDKs/iPhoneOS26.2.sdk -O0 -L/Users/admin/Library/Developer/Xcode/DerivedData/ChildCare_AI-eewellgfnbdxpucqlhsdfibdhwoc/Build/Intermediates.noindex/EagerLinkingTBDs/Debug-iphoneos -L/Users/admin/Library/Developer/Xcode/DerivedData/ChildCare_AI-eewellgfnbdxpucqlhsdfibdhwoc/Build/Products/Debug-iphoneos -F/Users/admin/Library/Developer/Xcode/DerivedData/ChildCare_AI-eewellgfnbdxpucqlhsdfibdhwoc/Build/Intermediates.noindex/EagerLinkingTBDs/Debug-iphoneos -F/Users/admin/Library/Developer/Xcode/DerivedData/ChildCare_AI-eewellgfnbdxpucqlhsdfibdhwoc/Build/Products/Debug-iphoneos -filelist /Users/admin/Library/Developer/Xcode/DerivedData/ChildCare_AI-eewellgfnbdxpucqlhsdfibdhwoc/Build/Intermediates.noindex/ChildCare\ AI.build/Debug-iphoneos/ChildCare\ AI.build/Objects-normal/arm64/ChildCare\ AI.LinkFileList -install_name @rpath/ChildCare\ AI.debug.dylib -Xlinker -rpath -Xlinker @executable_path/Frameworks -dead_strip -Xlinker -object_path_lto -Xlinker /Users/admin/Library/Developer/Xcode/DerivedData/ChildCare_AI-eewellgfnbdxpucqlhsdfibdhwoc/Build/Intermediates.noindex/ChildCare\ AI.build/Debug-iphoneos/ChildCare\ AI.build/Objects-normal/arm64/ChildCare\ AI_lto.o -rdynamic -Xlinker -no_deduplicate -Xlinker -debug_variant -Xlinker -dependency_info -Xlinker /Users/admin/Library/Developer/Xcode/DerivedData/ChildCare_AI-eewellgfnbdxpucqlhsdfibdhwoc/Build/Intermediates.noindex/ChildCare\ AI.build/Debug-iphoneos/ChildCare\ AI.build/Objects-normal/arm64/ChildCare\ AI_dependency_info.dat -fobjc-link-runtime -fprofile-instr-generate -L/Applications/Xcode.app/Contents/Developer/Toolchains/XcodeDefault.xctoolchain/usr/lib/swift/iphoneos -L/usr/lib/swift -Xlinker -add_ast_path -Xlinker /Users/admin/Library/Developer/Xcode/DerivedData/ChildCare_AI-eewellgfnbdxpucqlhsdfibdhwoc/Build/Intermediates.noindex/ChildCare\ AI.build/Debug-iphoneos/ChildCare\ AI.build/Objects-normal/arm64/ChildCare_AI.swiftmodule @/Users/admin/Library/Developer/Xcode/DerivedData/ChildCare_AI-eewellgfnbdxpucqlhsdfibdhwoc/Build/Intermediates.noindex/ChildCare\ AI.build/Debug-iphoneos/ChildCare\ AI.build/Objects-normal/arm64/ChildCare_AI-linker-args.resp -Xlinker -alias -Xlinker _main -Xlinker ___debug_main_executable_dylib_entry_point -o /Users/admin/Library/Developer/Xcode/DerivedData/ChildCare_AI-eewellgfnbdxpucqlhsdfibdhwoc/Build/Products/Debug-iphoneos/ChildCare\ AI.app/ChildCare\ AI.debug.dylib

ConstructStubExecutorLinkFileList /Users/admin/Library/Developer/Xcode/DerivedData/ChildCare_AI-eewellgfnbdxpucqlhsdfibdhwoc/Build/Intermediates.noindex/ChildCare\ AI.build/Debug-iphoneos/ChildCare\ AI.build/ChildCare\ AI-ExecutorLinkFileList-normal-arm64.txt (in target 'ChildCare AI' from project 'ChildCare AI')
    cd /Users/admin/Desktop/ChildCare\ AI/ChildCare\ AI
    construct-stub-executor-link-file-list /Users/admin/Library/Developer/Xcode/DerivedData/ChildCare_AI-eewellgfnbdxpucqlhsdfibdhwoc/Build/Products/Debug-iphoneos/ChildCare\ AI.app/ChildCare\ AI.debug.dylib /Applications/Xcode.app/Contents/Developer/Platforms/iPhoneOS.platform/Developer/usr/lib/libPreviewsJITStubExecutor_no_swift_entry_point.a /Applications/Xcode.app/Contents/Developer/Platforms/iPhoneOS.platform/Developer/usr/lib/libPreviewsJITStubExecutor.a --output /Users/admin/Library/Developer/Xcode/DerivedData/ChildCare_AI-eewellgfnbdxpucqlhsdfibdhwoc/Build/Intermediates.noindex/ChildCare\ AI.build/Debug-iphoneos/ChildCare\ AI.build/ChildCare\ AI-ExecutorLinkFileList-normal-arm64.txt
note: Using stub executor library with Swift entry point. (in target 'ChildCare AI' from project 'ChildCare AI')

Ld /Users/admin/Library/Developer/Xcode/DerivedData/ChildCare_AI-eewellgfnbdxpucqlhsdfibdhwoc/Build/Products/Debug-iphoneos/ChildCare\ AI.app/ChildCare\ AI normal (in target 'ChildCare AI' from project 'ChildCare AI')
    cd /Users/admin/Desktop/ChildCare\ AI/ChildCare\ AI
    /Applications/Xcode.app/Contents/Developer/Toolchains/XcodeDefault.xctoolchain/usr/bin/clang -Xlinker -reproducible -target arm64-apple-ios26.2 -isysroot /Applications/Xcode.app/Contents/Developer/Platforms/iPhoneOS.platform/Developer/SDKs/iPhoneOS26.2.sdk -O0 -L/Users/admin/Library/Developer/Xcode/DerivedData/ChildCare_AI-eewellgfnbdxpucqlhsdfibdhwoc/Build/Products/Debug-iphoneos -F/Users/admin/Library/Developer/Xcode/DerivedData/ChildCare_AI-eewellgfnbdxpucqlhsdfibdhwoc/Build/Products/Debug-iphoneos -Xlinker -rpath -Xlinker @executable_path -Xlinker -rpath -Xlinker @executable_path/Frameworks -rdynamic -Xlinker -no_deduplicate -Xlinker -debug_variant -e ___debug_blank_executor_main -Xlinker -sectcreate -Xlinker __TEXT -Xlinker __debug_dylib -Xlinker /Users/admin/Library/Developer/Xcode/DerivedData/ChildCare_AI-eewellgfnbdxpucqlhsdfibdhwoc/Build/Intermediates.noindex/ChildCare\ AI.build/Debug-iphoneos/ChildCare\ AI.build/ChildCare\ AI-DebugDylibPath-normal-arm64.txt -Xlinker -sectcreate -Xlinker __TEXT -Xlinker __debug_instlnm -Xlinker /Users/admin/Library/Developer/Xcode/DerivedData/ChildCare_AI-eewellgfnbdxpucqlhsdfibdhwoc/Build/Intermediates.noindex/ChildCare\ AI.build/Debug-iphoneos/ChildCare\ AI.build/ChildCare\ AI-DebugDylibInstallName-normal-arm64.txt -Xlinker -filelist -Xlinker /Users/admin/Library/Developer/Xcode/DerivedData/ChildCare_AI-eewellgfnbdxpucqlhsdfibdhwoc/Build/Intermediates.noindex/ChildCare\ AI.build/Debug-iphoneos/ChildCare\ AI.build/ChildCare\ AI-ExecutorLinkFileList-normal-arm64.txt /Users/admin/Library/Developer/Xcode/DerivedData/ChildCare_AI-eewellgfnbdxpucqlhsdfibdhwoc/Build/Products/Debug-iphoneos/ChildCare\ AI.app/ChildCare\ AI.debug.dylib -o /Users/admin/Library/Developer/Xcode/DerivedData/ChildCare_AI-eewellgfnbdxpucqlhsdfibdhwoc/Build/Products/Debug-iphoneos/ChildCare\ AI.app/ChildCare\ AI

CopySwiftLibs /Users/admin/Library/Developer/Xcode/DerivedData/ChildCare_AI-eewellgfnbdxpucqlhsdfibdhwoc/Build/Products/Debug-iphoneos/ChildCare\ AI.app (in target 'ChildCare AI' from project 'ChildCare AI')
    cd /Users/admin/Desktop/ChildCare\ AI/ChildCare\ AI
    builtin-swiftStdLibTool --copy --verbose --scan-executable /Users/admin/Library/Developer/Xcode/DerivedData/ChildCare_AI-eewellgfnbdxpucqlhsdfibdhwoc/Build/Products/Debug-iphoneos/ChildCare\ AI.app/ChildCare\ AI.debug.dylib --scan-folder /Users/admin/Library/Developer/Xcode/DerivedData/ChildCare_AI-eewellgfnbdxpucqlhsdfibdhwoc/Build/Products/Debug-iphoneos/ChildCare\ AI.app/Frameworks --scan-folder /Users/admin/Library/Developer/Xcode/DerivedData/ChildCare_AI-eewellgfnbdxpucqlhsdfibdhwoc/Build/Products/Debug-iphoneos/ChildCare\ AI.app/PlugIns --scan-folder /Users/admin/Library/Developer/Xcode/DerivedData/ChildCare_AI-eewellgfnbdxpucqlhsdfibdhwoc/Build/Products/Debug-iphoneos/ChildCare\ AI.app/SystemExtensions --scan-folder /Users/admin/Library/Developer/Xcode/DerivedData/ChildCare_AI-eewellgfnbdxpucqlhsdfibdhwoc/Build/Products/Debug-iphoneos/ChildCare\ AI.app/Extensions --platform iphoneos --toolchain /Applications/Xcode.app/Contents/Developer/Toolchains/XcodeDefault.xctoolchain --destination /Users/admin/Library/Developer/Xcode/DerivedData/ChildCare_AI-eewellgfnbdxpucqlhsdfibdhwoc/Build/Products/Debug-iphoneos/ChildCare\ AI.app/Frameworks --strip-bitcode --strip-bitcode-tool /Applications/Xcode.app/Contents/Developer/Toolchains/XcodeDefault.xctoolchain/usr/bin/bitcode_strip --emit-dependency-info /Users/admin/Library/Developer/Xcode/DerivedData/ChildCare_AI-eewellgfnbdxpucqlhsdfibdhwoc/Build/Intermediates.noindex/ChildCare\ AI.build/Debug-iphoneos/ChildCare\ AI.build/SwiftStdLibToolInputDependencies.dep --filter-for-swift-os
Ignoring --strip-bitcode because --sign was not passed

ExtractAppIntentsMetadata (in target 'ChildCare AI' from project 'ChildCare AI')
    cd /Users/admin/Desktop/ChildCare\ AI/ChildCare\ AI
    /Applications/Xcode.app/Contents/Developer/Toolchains/XcodeDefault.xctoolchain/usr/bin/appintentsmetadataprocessor --toolchain-dir /Applications/Xcode.app/Contents/Developer/Toolchains/XcodeDefault.xctoolchain --module-name ChildCare_AI --sdk-root /Applications/Xcode.app/Contents/Developer/Platforms/iPhoneOS.platform/Developer/SDKs/iPhoneOS26.2.sdk --xcode-version 17C52 --platform-family iOS --deployment-target 26.2 --bundle-identifier com.jeevan.ChildCare-AI --output /Users/admin/Library/Developer/Xcode/DerivedData/ChildCare_AI-eewellgfnbdxpucqlhsdfibdhwoc/Build/Products/Debug-iphoneos/ChildCare\ AI.app --target-triple arm64-apple-ios26.2 --binary-file /Users/admin/Library/Developer/Xcode/DerivedData/ChildCare_AI-eewellgfnbdxpucqlhsdfibdhwoc/Build/Products/Debug-iphoneos/ChildCare\ AI.app/ChildCare\ AI --dependency-file /Users/admin/Library/Developer/Xcode/DerivedData/ChildCare_AI-eewellgfnbdxpucqlhsdfibdhwoc/Build/Intermediates.noindex/ChildCare\ AI.build/Debug-iphoneos/ChildCare\ AI.build/Objects-normal/arm64/ChildCare\ AI_dependency_info.dat --stringsdata-file /Users/admin/Library/Developer/Xcode/DerivedData/ChildCare_AI-eewellgfnbdxpucqlhsdfibdhwoc/Build/Intermediates.noindex/ChildCare\ AI.build/Debug-iphoneos/ChildCare\ AI.build/Objects-normal/arm64/ExtractedAppShortcutsMetadata.stringsdata --source-file-list /Users/admin/Library/Developer/Xcode/DerivedData/ChildCare_AI-eewellgfnbdxpucqlhsdfibdhwoc/Build/Intermediates.noindex/ChildCare\ AI.build/Debug-iphoneos/ChildCare\ AI.build/Objects-normal/arm64/ChildCare\ AI.SwiftFileList --metadata-file-list /Users/admin/Library/Developer/Xcode/DerivedData/ChildCare_AI-eewellgfnbdxpucqlhsdfibdhwoc/Build/Intermediates.noindex/ChildCare\ AI.build/Debug-iphoneos/ChildCare\ AI.build/ChildCare\ AI.DependencyMetadataFileList --static-metadata-file-list /Users/admin/Library/Developer/Xcode/DerivedData/ChildCare_AI-eewellgfnbdxpucqlhsdfibdhwoc/Build/Intermediates.noindex/ChildCare\ AI.build/Debug-iphoneos/ChildCare\ AI.build/ChildCare\ AI.DependencyStaticMetadataFileList --swift-const-vals-list /Users/admin/Library/Developer/Xcode/DerivedData/ChildCare_AI-eewellgfnbdxpucqlhsdfibdhwoc/Build/Intermediates.noindex/ChildCare\ AI.build/Debug-iphoneos/ChildCare\ AI.build/Objects-normal/arm64/ChildCare\ AI.SwiftConstValuesFileList --compile-time-extraction --deployment-aware-processing --validate-assistant-intents --no-app-shortcuts-localization
2026-03-10 22:10:39.828 appintentsmetadataprocessor[23545:416204] Starting appintentsmetadataprocessor export
2026-03-10 22:10:39.833 appintentsmetadataprocessor[23545:416204] warning: Metadata extraction skipped. No AppIntents.framework dependency found.

AppIntentsSSUTraining (in target 'ChildCare AI' from project 'ChildCare AI')
    cd /Users/admin/Desktop/ChildCare\ AI/ChildCare\ AI
    /Applications/Xcode.app/Contents/Developer/Toolchains/XcodeDefault.xctoolchain/usr/bin/appintentsnltrainingprocessor --infoplist-path /Users/admin/Library/Developer/Xcode/DerivedData/ChildCare_AI-eewellgfnbdxpucqlhsdfibdhwoc/Build/Products/Debug-iphoneos/ChildCare\ AI.app/Info.plist --temp-dir-path /Users/admin/Library/Developer/Xcode/DerivedData/ChildCare_AI-eewellgfnbdxpucqlhsdfibdhwoc/Build/Intermediates.noindex/ChildCare\ AI.build/Debug-iphoneos/ChildCare\ AI.build/ssu --bundle-id com.jeevan.ChildCare-AI --product-path /Users/admin/Library/Developer/Xcode/DerivedData/ChildCare_AI-eewellgfnbdxpucqlhsdfibdhwoc/Build/Products/Debug-iphoneos/ChildCare\ AI.app --extracted-metadata-path /Users/admin/Library/Developer/Xcode/DerivedData/ChildCare_AI-eewellgfnbdxpucqlhsdfibdhwoc/Build/Products/Debug-iphoneos/ChildCare\ AI.app/Metadata.appintents --metadata-file-list /Users/admin/Library/Developer/Xcode/DerivedData/ChildCare_AI-eewellgfnbdxpucqlhsdfibdhwoc/Build/Intermediates.noindex/ChildCare\ AI.build/Debug-iphoneos/ChildCare\ AI.build/ChildCare\ AI.DependencyMetadataFileList --archive-ssu-assets
2026-03-10 22:10:39.852 appintentsnltrainingprocessor[23546:416205] Parsing options for appintentsnltrainingprocessor
2026-03-10 22:10:39.852 appintentsnltrainingprocessor[23546:416205] No AppShortcuts found - Skipping.

Validate /Users/admin/Library/Developer/Xcode/DerivedData/ChildCare_AI-eewellgfnbdxpucqlhsdfibdhwoc/Build/Products/Debug-iphoneos/ChildCare\ AI.app (in target 'ChildCare AI' from project 'ChildCare AI')
    cd /Users/admin/Desktop/ChildCare\ AI/ChildCare\ AI
    builtin-validationUtility /Users/admin/Library/Developer/Xcode/DerivedData/ChildCare_AI-eewellgfnbdxpucqlhsdfibdhwoc/Build/Products/Debug-iphoneos/ChildCare\ AI.app -shallow-bundle -infoplist-subpath Info.plist

** BUILD SUCCEEDED **

